<?xml version="1.0" encoding="UTF-8"?>
<!-- Generated by org.testng.reporters.JUnitReportReporter -->
<testsuite hostname="AartiRaj" failures="0" tests="10" name="testCases.TC_04_Registering_Single_patient" time="149.646" errors="0" timestamp="2024-09-12T11:10:59 IST" skipped="0">
  <testcase classname="testCases.TC_04_Registering_Single_patient" name="registeringPatient" time="14.343"/>
  <testcase classname="testCases.TC_04_Registering_Single_patient" name="registeringPatient" time="15.672"/>
  <testcase classname="testCases.TC_04_Registering_Single_patient" name="registeringPatient" time="15.070"/>
  <testcase classname="testCases.TC_04_Registering_Single_patient" name="registeringPatient" time="14.243"/>
  <testcase classname="testCases.TC_04_Registering_Single_patient" name="registeringPatient" time="15.092"/>
  <testcase classname="testCases.TC_04_Registering_Single_patient" name="registeringPatient" time="15.552"/>
  <testcase classname="testCases.TC_04_Registering_Single_patient" name="registeringPatient" time="13.211"/>
  <testcase classname="testCases.TC_04_Registering_Single_patient" name="registeringPatient" time="17.127"/>
  <testcase classname="testCases.TC_04_Registering_Single_patient" name="registeringPatient" time="14.636"/>
  <testcase classname="testCases.TC_04_Registering_Single_patient" name="registeringPatient" time="14.700"/>
</testsuite> <!-- testCases.TC_04_Registering_Single_patient -->
