<?xml version="1.0" encoding="UTF-8"?>
<!-- Generated by org.testng.reporters.JUnitReportReporter -->
<testsuite hostname="AartiRaj" failures="0" tests="1" name="testCases.TC_04_Registering_Single_patient" time="16.049" errors="0" timestamp="2024-09-12T10:27:07 IST" skipped="0">
  <testcase classname="testCases.TC_04_Registering_Single_patient" name="registertingPatient" time="16.049"/>
</testsuite> <!-- testCases.TC_04_Registering_Single_patient -->
