<?xml version="1.0" encoding="UTF-8"?>
<!-- Generated by org.testng.reporters.JUnitReportReporter -->
<testsuite hostname="AartiRaj" failures="0" tests="1" name="testCases.TC_01_LoginWithValidCred" time="8.345" errors="0" timestamp="2024-09-12T08:23:20 IST" skipped="0">
  <testcase classname="testCases.TC_01_LoginWithValidCred" name="loginTest" time="8.345"/>
</testsuite> <!-- testCases.TC_01_LoginWithValidCred -->
