<?xml version="1.0" encoding="UTF-8"?>
<!-- Generated by org.testng.reporters.JUnitReportReporter -->
<testsuite hostname="AartiRaj" failures="0" tests="1" name="testCases.TC_03_LoginWithoutCred" time="9.433" errors="0" timestamp="2024-09-12T08:23:55 IST" skipped="0">
  <testcase classname="testCases.TC_03_LoginWithoutCred" name="loginTestWithoutCred" time="9.433"/>
</testsuite> <!-- testCases.TC_03_LoginWithoutCred -->
