<?xml version="1.0" encoding="UTF-8"?>
<!-- Generated by org.testng.reporters.JUnitReportReporter -->
<testsuite hostname="AartiRaj" failures="0" tests="1" name="testCases.TC_02_LoginWithInvalid" time="8.554" errors="0" timestamp="2024-09-12T08:31:17 IST" skipped="0">
  <testcase classname="testCases.TC_02_LoginWithInvalid" name="loginTestInvalid" time="8.554"/>
</testsuite> <!-- testCases.TC_02_LoginWithInvalid -->
